<?xml version="1.0" encoding="UTF-8"?>
<!-- Generated by org.testng.reporters.JUnitXMLReporter -->
<testsuite ignored="0" hostname="Yunuss-MacBook-Pro.local" failures="0" tests="10" name="Default test" time="98.406" errors="0" timestamp="15 Jun 2019 18:57:00 GMT">
  <testcase classname="com.syntax.practices.ExcetoDataProvider" name="addEmployee" time="8.026"/>
  <testcase classname="com.syntax.practices.ExcetoDataProvider" name="addEmployee" time="7.834"/>
  <testcase classname="com.syntax.practices.ExcetoDataProvider" name="addEmployee" time="7.795"/>
  <testcase classname="com.syntax.practices.ExcetoDataProvider" name="addEmployee" time="8.365"/>
  <testcase classname="com.syntax.practices.ExcetoDataProvider" name="addEmployee" time="8.499"/>
  <testcase classname="com.syntax.practices.ExcetoDataProvider" name="addEmployee" time="7.878"/>
  <testcase classname="com.syntax.practices.ExcetoDataProvider" name="addEmployee" time="7.8"/>
  <testcase classname="com.syntax.practices.ExcetoDataProvider" name="addEmployee" time="7.431"/>
  <testcase classname="com.syntax.practices.ExcetoDataProvider" name="addEmployee" time="7.7"/>
  <testcase classname="com.syntax.practices.ExcetoDataProvider" name="addEmployee" time="7.518"/>
</testsuite> <!-- Default test -->
