<?xml version="1.0" encoding="UTF-8"?>
<!-- Generated by org.testng.reporters.JUnitXMLReporter -->
<testsuite ignored="7" hostname="Yunuss-MacBook-Pro.local" failures="0" tests="10" name="regression" time="92.741" errors="0" timestamp="16 Jun 2019 01:06:40 GMT">
  <testcase classname="com.syntax.testcases.TransferDataFromExceToDataprovider" name="addEmployee" time="7.687"/>
  <testcase classname="com.syntax.testcases.TransferDataFromExceToDataprovider" name="addEmployee" time="7.337"/>
  <testcase classname="com.syntax.testcases.TransferDataFromExceToDataprovider" name="addEmployee" time="6.899"/>
  <testcase classname="com.syntax.testcases.TransferDataFromExceToDataprovider" name="addEmployee" time="7.018"/>
  <testcase classname="com.syntax.testcases.TransferDataFromExceToDataprovider" name="addEmployee" time="7.518"/>
  <testcase classname="com.syntax.testcases.TransferDataFromExceToDataprovider" name="addEmployee" time="7.233"/>
  <testcase classname="com.syntax.testcases.TransferDataFromExceToDataprovider" name="addEmployee" time="7.011"/>
  <testcase classname="com.syntax.testcases.TransferDataFromExceToDataprovider" name="addEmployee" time="7.1"/>
  <testcase classname="com.syntax.testcases.TransferDataFromExceToDataprovider" name="addEmployee" time="6.978"/>
  <testcase classname="com.syntax.testcases.TransferDataFromExceToDataprovider" name="addEmployee" time="7.35"/>
  <testcase classname="com.syntax.testcases.ExcelDemo" name="readExcel" time="0.0">
    <ignored/>
  </testcase> <!-- readExcel -->
  <testcase classname="com.syntax.testcases.LoginPageTest" name="doLogin" time="0.0">
    <ignored/>
  </testcase> <!-- doLogin -->
  <testcase classname="com.syntax.testcases.AddEmployeeTest2" name="addEmployee" time="0.0">
    <ignored/>
  </testcase> <!-- addEmployee -->
  <testcase classname="com.syntax.testcases.LoginPageTest" name="negativeLogin" time="0.0">
    <ignored/>
  </testcase> <!-- negativeLogin -->
  <testcase classname="com.syntax.testcases.AddEmployeePageTest" name="addEmployee" time="0.0">
    <ignored/>
  </testcase> <!-- addEmployee -->
  <testcase classname="com.syntax.testcases.ExcelWriteDemo" name="writeExcel" time="0.0">
    <ignored/>
  </testcase> <!-- writeExcel -->
  <testcase classname="com.syntax.testcases.LoginPageTest" name="loginToOrangeHRM" time="0.0">
    <ignored/>
  </testcase> <!-- loginToOrangeHRM -->
</testsuite> <!-- regression -->
